<?xml version='1.0' encoding='UTF-8'?>
<testsuite hostname="FBI-SURVEILANCE-TESLA" name="HeapTest" tests="5" errors="0" failures="1" skipped="0" time="7.296" timestamp="2023-03-02T15:32:01">
          <properties>
      <property name="java.specification.version" value="17"/><property name="sun.cpu.isalist" value="amd64"/><property name="sun.jnu.encoding" value="Cp1252"/><property name="sun.arch.data.model" value="64"/><property name="java.vendor.url" value="https://java.oracle.com/"/><property name="jline.terminal" value="unix"/><property name="user.country.format" value="DE"/><property name="sun.boot.library.path" value="C:\Program Files\Java\jdk-17\bin"/><property name="sun.java.command" value="C:\Program Files (x86)\sbt\bin\sbt-launch.jar test"/><property name="jdk.debug" value="release"/><property name="java.specification.vendor" value="Oracle Corporation"/><property name="java.version.date" value="2023-01-17"/><property name="java.home" value="C:\Program Files\Java\jdk-17"/><property name="file.separator" value="\"/><property name="java.vm.compressedOopsMode" value="32-bit"/><property name="line.separator" value="
"/><property name="java.vm.specification.vendor" value="Oracle Corporation"/><property name="java.specification.name" value="Java Platform API Specification"/><property name="user.script" value=""/><property name="sun.management.compiler" value="HotSpot 64-Bit Tiered Compilers"/><property name="java.runtime.version" value="17.0.6+9-LTS-190"/><property name="user.name" value="faido"/><property name="log4j.ignoreTCL" value="true"/><property name="file.encoding" value="UTF-8"/><property name="jnidispatch.path" value="C:\Users\faido\AppData\Local\Temp\jna-97192985\jna5623066927964682153.dll"/><property name="jna.loaded" value="true"/><property name="java.io.tmpdir" value="C:\Users\faido\AppData\Local\Temp\"/><property name="java.version" value="17.0.6"/><property name="java.vm.specification.name" value="Java Virtual Machine Specification"/><property name="sun.os.patch.level" value=""/><property name="native.encoding" value="Cp1252"/><property name="java.library.path" value="C:\Program Files\Java\jdk-17\bin;C:\WINDOWS\Sun\Java\bin;C:\WINDOWS\system32;C:\WINDOWS;C:\Users\faido\bin;C:\Program Files\Git\mingw64\bin;C:\Program Files\Git\usr\local\bin;C:\Program Files\Git\usr\bin;C:\Program Files\Git\usr\bin;C:\Program Files\Git\mingw64\bin;C:\Program Files\Git\usr\bin;C:\Users\faido\bin;C:\Program Files\Common Files\Oracle\Java\javapath;C:\Program Files (x86)\Common Files\Oracle\Java\javapath;C:\Python39\Scripts;C:\Python39;C:\Windows\system32;C:\Windows;C:\Windows\System32\Wbem;C:\Windows\System32\WindowsPowerShell\v1.0;C:\Windows\System32\OpenSSH;C:\Program Files (x86)\NVIDIA Corporation\PhysX\Common;C:\Program Files\NVIDIA Corporation\NVIDIA NvDLISR;C:\ProgramData\chocolatey\bin;C:\Program Files\Git\cmd;C:\Program Files\MATLAB\R2021b\bin;C:\WINDOWS\system32;C:\WINDOWS;C:\WINDOWS\System32\Wbem;C:\WINDOWS\System32\WindowsPowerShell\v1.0;C:\WINDOWS\System32\OpenSSH;C:\Program Files\OpenVPN\bin;C:\Program Files (x86)\sbt\bin;C:\Users\faido\AppData\Roaming\nvm;C:\Program Files\nodejs;C:\Program Files\dotnet;C:\Users\faido\Documents\My Documents\ECE\Semester 6\Compiler Construction\rars_27a7c1f.jar;C:\Users\faido\AppData\Local\Microsoft\WindowsApps;C:\Users\faido\AppData\Local\Programs\Microsoft VS Code\bin;C:\Program Files\Java\jdk1.8.0_301\bin;C:\Program Files\ffmpg\ffmpeg-2021-09-01-git-c500dc7cca-full_build\bin;C:\Users\faido\Documents\Portable Program Files\nginx-1.20.1;C:\Users\faido\Documents\Portable Program Files\OpenSSL-1.1.1h_win32;C:\Users\faido\Documents\Portable Program Files\flutter_windows_2.5.1-stable\flutter\bin;C:\msys64\mingw64\bin;C:\Users\faido\AppData\Local\Programs\Julia-1.6.3\bin;C:\Users\faido\AppData\Local\Programs\MiKTeX\miktex\bin\x64;C:\Program Files\JetBrains\IntelliJ IDEA Community Edition 2022.3.2\bin;C:\Users\faido\AppData\Roaming\nvm;C:\Program Files\nodejs;C:\Users\faido\.dotnet\tools;C:\Program Files\Git\usr\bin\vendor_perl;C:\Program Files\Git\usr\bin\core_perl;."/><property name="java.vendor" value="Oracle Corporation"/><property name="scala.ext.dirs" value="C:\Users\faido\.sbt\1.0\java9-rt-ext-oracle_corporation_17_0_6"/><property name="sun.io.unicode.encoding" value="UnicodeLittle"/><property name="java.class.path" value="C:\Program Files (x86)\sbt\bin\sbt-launch.jar"/><property name="java.vm.vendor" value="Oracle Corporation"/><property name="user.variant" value=""/><property name="jline.shutdownhook" value="false"/><property name="user.timezone" value="Europe/Paris"/><property name="java.vm.specification.version" value="17"/><property name="os.name" value="Windows 11"/><property name="sun.java.launcher" value="SUN_STANDARD"/><property name="user.country" value="US"/><property name="sun.cpu.endian" value="little"/><property name="user.home" value="C:\Users\faido"/><property name="user.language" value="en"/><property name="sbt.script" value="C:/Program%20Files (x86)/sbt/bin/sbt"/><property name="sbt.ipcsocket.tmpdir" value="C:\Users\faido\AppData\Local\Temp\.sbtcf1ab246\ipcsocket"/><property name="swoval.tmpdir" value="C:\Users\faido\AppData\Local\Temp\.sbtcf1ab246\swoval"/><property name="jline.esc.timeout" value="0"/><property name="path.separator" value=";"/><property name="os.version" value="10.0"/><property name="jna.nosys" value="true"/><property name="java.runtime.name" value="Java(TM) SE Runtime Environment"/><property name="java.vm.name" value="Java HotSpot(TM) 64-Bit Server VM"/><property name="java.vendor.url.bug" value="https://bugreport.java.com/bugreport/"/><property name="user.dir" value="C:\Users\faido\Documents\My Documents\ECE\Semester 6\Digital Electronics 2\chisel-lab\lab4"/><property name="os.arch" value="amd64"/><property name="java.vm.info" value="mixed mode, sharing"/><property name="sbt.cygwin" value="true"/><property name="java.vm.version" value="17.0.6+9-LTS-190"/><property name="java.class.version" value="61.0"/>
    </properties>
          <testcase classname="HeapTest" name="Heap should present the currently largest number on io.root while ready and not empty" time="3.778">
                      
                    </testcase><testcase classname="HeapTest" name="Heap should assert empty after all numbers have been removed" time="0.983">
                      
                    </testcase><testcase classname="HeapTest" name="Heap should assert full when 8 numbers have been inserted" time="1.151">
                      
                    </testcase><testcase classname="HeapTest" name="Heap should deassert full after one number is removed when it was full" time="0.742">
                      <failure message="io_full=true (1, 0x1) did not equal expected=false (0, 0x0) (lines in HeapTest.scala: 98, 81)" type="org.scalatest.exceptions.TestFailedException">org.scalatest.exceptions.TestFailedException: io_full=true (1, 0x1) did not equal expected=false (0, 0x0) (lines in HeapTest.scala: 98, 81)
	at chiseltest.internal.TestEnvInterface.signalExpectFailure(TestEnvInterface.scala:60)
	at chiseltest.internal.TestEnvInterface.signalExpectFailure$(TestEnvInterface.scala:45)
	at HeapTest.signalExpectFailure(HeapTest.scala:8)
	at chiseltest.package$Utils$.expectFailed(package.scala:499)
	at chiseltest.package$Utils$.expectBits(package.scala:490)
	at chiseltest.package$testableBool.expectInternal(package.scala:27)
	at chiseltest.package$testableBool.expect(package.scala:33)
	at HeapTest.$anonfun$new$15(HeapTest.scala:98)
	at HeapTest.$anonfun$new$15$adapted(HeapTest.scala:81)
	at chiseltest.internal.GenericBackend.$anonfun$run$1(GenericBackend.scala:153)
	at chiseltest.internal.ThreadedBackend$TesterThread$$anon$1.$anonfun$run$1(ThreadedBackend.scala:495)
	at chiseltest.internal.GenericBackend.doTimescope(GenericBackend.scala:98)
	at chiseltest.internal.ThreadedBackend$TesterThread$$anon$1.run(ThreadedBackend.scala:495)
	at java.base/java.lang.Thread.run(Thread.java:833)
Caused by: chiseltest.internal.FailedExpectException: io_full=true (1, 0x1) did not equal expected=false (0, 0x0) (lines in HeapTest.scala: 98, 81)
	... 14 more
</failure>
                    </testcase><testcase classname="HeapTest" name="Heap should not change the sequence if new insertions are issued when it is full" time="0.642">
                      
                    </testcase>
          <system-out><![CDATA[]]></system-out>
          <system-err><![CDATA[]]></system-err>
        </testsuite>